<?xml version="1.0" encoding="UTF-8"?>
<testng-results ignored="0" total="1" passed="1" failed="0" skipped="0">
  <reporter-output>
  </reporter-output>
  <suite started-at="2026-03-10T11:24:28 IST" name="FlightBookingSuite" finished-at="2026-03-10T11:24:38 IST" duration-ms="9965">
    <groups>
    </groups>
    <test started-at="2026-03-10T11:24:28 IST" name="FlightTest" finished-at="2026-03-10T11:24:38 IST" duration-ms="9965">
      <class name="tests.FlightBookingTest">
        <test-method signature="bookFlightTest()[pri:0, instance:tests.FlightBookingTest@42a48628]" started-at="2026-03-10T11:24:28 IST" name="bookFlightTest" finished-at="2026-03-10T11:24:38 IST" duration-ms="9920" status="PASS">
          <reporter-output>
          </reporter-output>
        </test-method> <!-- bookFlightTest -->
      </class> <!-- tests.FlightBookingTest -->
    </test> <!-- FlightTest -->
  </suite> <!-- FlightBookingSuite -->
</testng-results>
